2021-05-23T01:29:48,519 INFO o.h.v.i.u.Version [background-preinit]: HV000001: Hibernate Validator 6.2.0.Final
2021-05-23T01:29:48,692 INFO c.c.n.w.t.TechnicalexamApplication [restartedMain]: Starting TechnicalexamApplication using Java 1.8.0_261 on DESKTOP-8CFK2FF with PID 10560 (D:\Proyectos\Trabajo\Nisum\build\classes\java\main started by Neko in D:\Proyectos\Trabajo\Nisum)
2021-05-23T01:29:48,704 INFO c.c.n.w.t.TechnicalexamApplication [restartedMain]: The following profiles are active: dev
2021-05-23T01:29:48,822 INFO o.s.b.d.e.DevToolsPropertyDefaultsPostProcessor [restartedMain]: Devtools property defaults active! Set 'spring.devtools.add-properties' to 'false' to disable
2021-05-23T01:29:48,822 INFO o.s.b.d.e.DevToolsPropertyDefaultsPostProcessor [restartedMain]: For additional web related logging consider setting the 'logging.level.web' property to 'DEBUG'
2021-05-23T01:29:49,506 WARN o.s.h.c.j.Jackson2ObjectMapperBuilder [background-preinit]: For Jackson Kotlin classes support please add "com.fasterxml.jackson.module:jackson-module-kotlin" to the classpath
2021-05-23T01:29:51,787 INFO o.s.d.r.c.RepositoryConfigurationDelegate [restartedMain]: Bootstrapping Spring Data JPA repositories in DEFAULT mode.
2021-05-23T01:29:51,984 INFO o.s.d.r.c.RepositoryConfigurationDelegate [restartedMain]: Finished Spring Data repository scanning in 170 ms. Found 3 JPA repository interfaces.
2021-05-23T01:29:52,977 INFO o.s.c.s.PostProcessorRegistrationDelegate$BeanPostProcessorChecker [restartedMain]: Bean 'management.metrics-org.springframework.boot.actuate.autoconfigure.metrics.MetricsProperties' of type [org.springframework.boot.actuate.autoconfigure.metrics.MetricsProperties] is not eligible for getting processed by all BeanPostProcessors (for example: not eligible for auto-proxying)
2021-05-23T01:29:52,979 INFO o.s.c.s.PostProcessorRegistrationDelegate$BeanPostProcessorChecker [restartedMain]: Bean 'org.springframework.boot.actuate.autoconfigure.metrics.data.RepositoryMetricsAutoConfiguration' of type [org.springframework.boot.actuate.autoconfigure.metrics.data.RepositoryMetricsAutoConfiguration] is not eligible for getting processed by all BeanPostProcessors (for example: not eligible for auto-proxying)
2021-05-23T01:29:52,983 INFO o.s.c.s.PostProcessorRegistrationDelegate$BeanPostProcessorChecker [restartedMain]: Bean 'org.springframework.boot.actuate.autoconfigure.metrics.export.prometheus.PrometheusMetricsExportAutoConfiguration' of type [org.springframework.boot.actuate.autoconfigure.metrics.export.prometheus.PrometheusMetricsExportAutoConfiguration] is not eligible for getting processed by all BeanPostProcessors (for example: not eligible for auto-proxying)
2021-05-23T01:29:52,994 INFO o.s.c.s.PostProcessorRegistrationDelegate$BeanPostProcessorChecker [restartedMain]: Bean 'management.metrics.export.prometheus-org.springframework.boot.actuate.autoconfigure.metrics.export.prometheus.PrometheusProperties' of type [org.springframework.boot.actuate.autoconfigure.metrics.export.prometheus.PrometheusProperties] is not eligible for getting processed by all BeanPostProcessors (for example: not eligible for auto-proxying)
2021-05-23T01:29:53,002 INFO o.s.c.s.PostProcessorRegistrationDelegate$BeanPostProcessorChecker [restartedMain]: Bean 'prometheusConfig' of type [org.springframework.boot.actuate.autoconfigure.metrics.export.prometheus.PrometheusPropertiesConfigAdapter] is not eligible for getting processed by all BeanPostProcessors (for example: not eligible for auto-proxying)
2021-05-23T01:29:53,012 INFO o.s.c.s.PostProcessorRegistrationDelegate$BeanPostProcessorChecker [restartedMain]: Bean 'collectorRegistry' of type [io.prometheus.client.CollectorRegistry] is not eligible for getting processed by all BeanPostProcessors (for example: not eligible for auto-proxying)
2021-05-23T01:29:53,016 INFO o.s.c.s.PostProcessorRegistrationDelegate$BeanPostProcessorChecker [restartedMain]: Bean 'org.springframework.boot.actuate.autoconfigure.metrics.MetricsAutoConfiguration' of type [org.springframework.boot.actuate.autoconfigure.metrics.MetricsAutoConfiguration] is not eligible for getting processed by all BeanPostProcessors (for example: not eligible for auto-proxying)
2021-05-23T01:29:53,019 INFO o.s.c.s.PostProcessorRegistrationDelegate$BeanPostProcessorChecker [restartedMain]: Bean 'micrometerClock' of type [io.micrometer.core.instrument.Clock$1] is not eligible for getting processed by all BeanPostProcessors (for example: not eligible for auto-proxying)
2021-05-23T01:29:53,073 INFO o.s.c.s.PostProcessorRegistrationDelegate$BeanPostProcessorChecker [restartedMain]: Bean 'prometheusMeterRegistry' of type [io.micrometer.prometheus.PrometheusMeterRegistry] is not eligible for getting processed by all BeanPostProcessors (for example: not eligible for auto-proxying)
2021-05-23T01:29:53,083 INFO o.s.c.s.PostProcessorRegistrationDelegate$BeanPostProcessorChecker [restartedMain]: Bean 'repositoryTagsProvider' of type [org.springframework.boot.actuate.metrics.data.DefaultRepositoryTagsProvider] is not eligible for getting processed by all BeanPostProcessors (for example: not eligible for auto-proxying)
2021-05-23T01:29:53,085 INFO o.s.c.s.PostProcessorRegistrationDelegate$BeanPostProcessorChecker [restartedMain]: Bean 'metricsRepositoryMethodInvocationListener' of type [org.springframework.boot.actuate.metrics.data.MetricsRepositoryMethodInvocationListener] is not eligible for getting processed by all BeanPostProcessors (for example: not eligible for auto-proxying)
2021-05-23T01:29:53,880 INFO o.s.b.w.e.t.TomcatWebServer [restartedMain]: Tomcat initialized with port(s): 8081 (http)
2021-05-23T01:29:53,904 INFO o.a.c.h.Http11NioProtocol [restartedMain]: Initializing ProtocolHandler ["http-nio-8081"]
2021-05-23T01:29:53,906 INFO o.a.c.c.StandardService [restartedMain]: Starting service [Tomcat]
2021-05-23T01:29:53,907 INFO o.a.c.c.StandardEngine [restartedMain]: Starting Servlet engine: [Apache Tomcat/9.0.46]
2021-05-23T01:29:54,177 INFO o.a.c.c.C.[.[.[/] [restartedMain]: Initializing Spring embedded WebApplicationContext
2021-05-23T01:29:54,178 INFO o.s.b.w.s.c.ServletWebServerApplicationContext [restartedMain]: Root WebApplicationContext: initialization completed in 5352 ms
2021-05-23T01:29:54,267 INFO c.z.h.HikariDataSource [restartedMain]: HikariPool-1 - Starting...
2021-05-23T01:29:54,470 INFO c.z.h.HikariDataSource [restartedMain]: HikariPool-1 - Start completed.
2021-05-23T01:29:54,489 INFO o.s.b.a.h.H2ConsoleAutoConfiguration [restartedMain]: H2 console available at '/h2-console'. Database available at 'jdbc:h2:file:~/data/nisumdb'
2021-05-23T01:29:54,889 INFO o.h.j.i.u.LogHelper [restartedMain]: HHH000204: Processing PersistenceUnitInfo [name: default]
2021-05-23T01:29:55,018 INFO o.h.Version [restartedMain]: HHH000412: Hibernate ORM core version 5.4.31.Final
2021-05-23T01:29:55,384 INFO o.h.a.c.Version [restartedMain]: HCANN000001: Hibernate Commons Annotations {5.1.2.Final}
2021-05-23T01:29:55,716 INFO o.h.d.Dialect [restartedMain]: HHH000400: Using dialect: org.hibernate.dialect.H2Dialect
2021-05-23T01:29:57,415 INFO o.h.e.t.j.p.i.JtaPlatformInitiator [restartedMain]: HHH000490: Using JtaPlatform implementation: [org.hibernate.engine.transaction.jta.platform.internal.NoJtaPlatform]
2021-05-23T01:29:57,445 INFO o.s.o.j.LocalContainerEntityManagerFactoryBean [restartedMain]: Initialized JPA EntityManagerFactory for persistence unit 'default'
2021-05-23T01:29:57,820 INFO o.s.b.f.a.AutowiredAnnotationBeanPostProcessor [restartedMain]: Autowired annotation is not supported on static fields: private static java.lang.String cl.com.nisum.ws.technicalexam.config.SwaggerConfig.HEADER_AUTHORIZATION_KEY
2021-05-23T01:30:00,625 INFO o.s.b.a.e.w.EndpointLinksResolver [restartedMain]: Exposing 1 endpoint(s) beneath base path '/actuator'
2021-05-23T01:30:00,674 INFO o.s.s.w.DefaultSecurityFilterChain [restartedMain]: Will secure any request with [org.springframework.security.web.context.request.async.WebAsyncManagerIntegrationFilter@640c65d5, org.springframework.security.web.context.SecurityContextPersistenceFilter@567ac28c, org.springframework.security.web.header.HeaderWriterFilter@6f33750, org.springframework.web.filter.CorsFilter@4f48a70, org.springframework.security.web.authentication.logout.LogoutFilter@3172de88, cl.com.nisum.ws.technicalexam.security.JWTAuthenticationFilter@317600c8, org.springframework.security.web.savedrequest.RequestCacheAwareFilter@4beb8fba, org.springframework.security.web.servletapi.SecurityContextHolderAwareRequestFilter@1d2b8d8d, org.springframework.security.web.authentication.AnonymousAuthenticationFilter@66fe71d3, org.springframework.security.web.session.SessionManagementFilter@60ab6406, org.springframework.security.web.access.ExceptionTranslationFilter@139df544, org.springframework.security.web.access.intercept.FilterSecurityInterceptor@4f6c26ce]
2021-05-23T01:30:01,635 INFO o.s.b.d.a.OptionalLiveReloadServer [restartedMain]: LiveReload server is running on port 35729
2021-05-23T01:30:01,697 INFO o.a.c.h.Http11NioProtocol [restartedMain]: Starting ProtocolHandler ["http-nio-8081"]
2021-05-23T01:30:01,744 INFO o.s.b.w.e.t.TomcatWebServer [restartedMain]: Tomcat started on port(s): 8081 (http) with context path ''
2021-05-23T01:30:01,781 INFO c.c.n.w.t.TechnicalexamApplication [restartedMain]: Started TechnicalexamApplication in 14.189 seconds (JVM running for 17.215)
2021-05-23T01:30:01,805 INFO o.s.b.a.ApplicationAvailabilityBean [restartedMain]: Application availability state LivenessState changed to CORRECT
2021-05-23T01:30:01,813 INFO o.s.b.a.ApplicationAvailabilityBean [restartedMain]: Application availability state ReadinessState changed to ACCEPTING_TRAFFIC
2021-05-23T01:30:02,764 INFO o.a.c.c.C.[.[.[/] [RMI TCP Connection(1)-172.27.208.1]: Initializing Spring DispatcherServlet 'dispatcherServlet'
2021-05-23T01:30:02,765 INFO o.s.w.s.DispatcherServlet [RMI TCP Connection(1)-172.27.208.1]: Initializing Servlet 'dispatcherServlet'
2021-05-23T01:30:02,768 INFO o.s.w.s.DispatcherServlet [RMI TCP Connection(1)-172.27.208.1]: Completed initialization in 3 ms
2021-05-23T01:40:13,201 INFO o.s.b.a.ApplicationAvailabilityBean [SpringContextShutdownHook]: Application availability state ReadinessState changed from ACCEPTING_TRAFFIC to REFUSING_TRAFFIC
